2021-09-18 00:05:14.212 INFO  com.lwx.wiki.config.WikiApplication               :55   [32m                  [0;39m Starting WikiApplication using Java 1.8.0_221 on LAPTOP-D42A8U4Q with PID 14376 (E:\GongSi\wiki\target\classes started by 22156 in E:\GongSi\wiki)
2021-09-18 00:05:14.313 INFO  com.lwx.wiki.config.WikiApplication               :660  [32m                  [0;39m No active profile set, falling back to default profiles: default
2021-09-18 00:05:14.370 INFO  o.s.b.d.env.DevToolsPropertyDefaultsPostProcessor :255  [32m                  [0;39m Devtools property defaults active! Set 'spring.devtools.add-properties' to 'false' to disable
2021-09-18 00:05:14.370 INFO  o.s.b.d.env.DevToolsPropertyDefaultsPostProcessor :255  [32m                  [0;39m For additional web related logging consider setting the 'logging.level.web' property to 'DEBUG'
2021-09-18 00:05:15.178 INFO  o.s.boot.web.embedded.tomcat.TomcatWebServer      :108  [32m                  [0;39m Tomcat initialized with port(s): 8080 (http)
2021-09-18 00:05:15.184 INFO  org.apache.coyote.http11.Http11NioProtocol        :173  [32m                  [0;39m Initializing ProtocolHandler ["http-nio-8080"]
2021-09-18 00:05:15.185 INFO  org.apache.catalina.core.StandardService          :173  [32m                  [0;39m Starting service [Tomcat]
2021-09-18 00:05:15.185 INFO  org.apache.catalina.core.StandardEngine           :173  [32m                  [0;39m Starting Servlet engine: [Apache Tomcat/9.0.39]
2021-09-18 00:05:15.233 INFO  o.a.c.core.ContainerBase.[Tomcat].[localhost].[/] :173  [32m                  [0;39m Initializing Spring embedded WebApplicationContext
2021-09-18 00:05:15.233 INFO  o.s.b.w.s.c.ServletWebServerApplicationContext    :289  [32m                  [0;39m Root WebApplicationContext: initialization completed in 861 ms
2021-09-18 00:05:15.841 INFO  o.s.scheduling.concurrent.ThreadPoolTaskExecutor  :181  [32m                  [0;39m Initializing ExecutorService 'applicationTaskExecutor'
2021-09-18 00:05:16.006 INFO  o.s.b.d.autoconfigure.OptionalLiveReloadServer    :58   [32m                  [0;39m LiveReload server is running on port 35729
2021-09-18 00:05:16.018 INFO  org.apache.coyote.http11.Http11NioProtocol        :173  [32m                  [0;39m Starting ProtocolHandler ["http-nio-8080"]
2021-09-18 00:05:16.032 INFO  o.s.boot.web.embedded.tomcat.TomcatWebServer      :220  [32m                  [0;39m Tomcat started on port(s): 8080 (http) with context path ''
2021-09-18 00:05:16.040 INFO  com.lwx.wiki.config.WikiApplication               :61   [32m                  [0;39m Started WikiApplication in 2.206 seconds (JVM running for 3.034)
2021-09-18 00:05:16.043 INFO  com.lwx.wiki.config.WikiApplication               :19   [32m                  [0;39m 启动成功！！
2021-09-18 00:05:16.043 INFO  com.lwx.wiki.config.WikiApplication               :20   [32m                  [0;39m 地址:	http://127.0.0.1:8080
2021-09-18 00:05:39.101 INFO  o.a.c.core.ContainerBase.[Tomcat].[localhost].[/] :173  [32m                  [0;39m Initializing Spring DispatcherServlet 'dispatcherServlet'
2021-09-18 00:05:39.101 INFO  org.springframework.web.servlet.DispatcherServlet :525  [32m                  [0;39m Initializing Servlet 'dispatcherServlet'
2021-09-18 00:05:39.102 INFO  org.springframework.web.servlet.DispatcherServlet :547  [32m                  [0;39m Completed initialization in 0 ms
2021-09-18 00:05:47.511 INFO  com.zaxxer.hikari.HikariDataSource                :110  [32m                  [0;39m HikariPool-1 - Starting...
2021-09-18 00:05:47.878 INFO  com.zaxxer.hikari.HikariDataSource                :123  [32m                  [0;39m HikariPool-1 - Start completed.
2021-09-18 00:20:51.638 INFO  o.s.scheduling.concurrent.ThreadPoolTaskExecutor  :218  [32m                  [0;39m Shutting down ExecutorService 'applicationTaskExecutor'
2021-09-18 00:20:51.639 INFO  com.zaxxer.hikari.HikariDataSource                :350  [32m                  [0;39m HikariPool-1 - Shutdown initiated...
2021-09-18 00:20:51.740 INFO  com.zaxxer.hikari.HikariDataSource                :352  [32m                  [0;39m HikariPool-1 - Shutdown completed.
2021-09-18 00:20:51.878 INFO  com.lwx.wiki.config.WikiApplication               :55   [32m                  [0;39m Starting WikiApplication using Java 1.8.0_221 on LAPTOP-D42A8U4Q with PID 14376 (E:\GongSi\wiki\target\classes started by 22156 in E:\GongSi\wiki)
2021-09-18 00:20:51.878 INFO  com.lwx.wiki.config.WikiApplication               :660  [32m                  [0;39m No active profile set, falling back to default profiles: default
2021-09-18 00:20:52.068 INFO  o.s.boot.web.embedded.tomcat.TomcatWebServer      :108  [32m                  [0;39m Tomcat initialized with port(s): 8080 (http)
2021-09-18 00:20:52.069 INFO  org.apache.coyote.http11.Http11NioProtocol        :173  [32m                  [0;39m Initializing ProtocolHandler ["http-nio-8080"]
2021-09-18 00:20:52.070 INFO  org.apache.catalina.core.StandardService          :173  [32m                  [0;39m Starting service [Tomcat]
2021-09-18 00:20:52.070 INFO  org.apache.catalina.core.StandardEngine           :173  [32m                  [0;39m Starting Servlet engine: [Apache Tomcat/9.0.39]
2021-09-18 00:20:52.084 INFO  o.a.c.core.ContainerBase.[Tomcat].[localhost].[/] :173  [32m                  [0;39m Initializing Spring embedded WebApplicationContext
2021-09-18 00:20:52.084 INFO  o.s.b.w.s.c.ServletWebServerApplicationContext    :289  [32m                  [0;39m Root WebApplicationContext: initialization completed in 203 ms
2021-09-18 00:20:52.147 INFO  o.s.scheduling.concurrent.ThreadPoolTaskExecutor  :181  [32m                  [0;39m Initializing ExecutorService 'applicationTaskExecutor'
2021-09-18 00:20:52.187 INFO  o.s.b.d.autoconfigure.OptionalLiveReloadServer    :58   [32m                  [0;39m LiveReload server is running on port 35729
2021-09-18 00:20:52.192 INFO  org.apache.coyote.http11.Http11NioProtocol        :173  [32m                  [0;39m Starting ProtocolHandler ["http-nio-8080"]
2021-09-18 00:20:52.194 INFO  o.s.boot.web.embedded.tomcat.TomcatWebServer      :220  [32m                  [0;39m Tomcat started on port(s): 8080 (http) with context path ''
2021-09-18 00:20:52.198 INFO  com.lwx.wiki.config.WikiApplication               :61   [32m                  [0;39m Started WikiApplication in 0.345 seconds (JVM running for 939.191)
2021-09-18 00:20:52.200 INFO  o.s.b.d.a.ConditionEvaluationDeltaLoggingListener :63   [32m                  [0;39m Condition evaluation unchanged
2021-09-18 00:20:52.200 INFO  com.lwx.wiki.config.WikiApplication               :19   [32m                  [0;39m 启动成功！！
2021-09-18 00:20:52.201 INFO  com.lwx.wiki.config.WikiApplication               :20   [32m                  [0;39m 地址:	http://127.0.0.1:8080
2021-09-18 00:25:12.934 INFO  o.s.scheduling.concurrent.ThreadPoolTaskExecutor  :218  [32m                  [0;39m Shutting down ExecutorService 'applicationTaskExecutor'
2021-09-18 00:25:13.172 INFO  com.lwx.wiki.config.WikiApplication               :55   [32m                  [0;39m Starting WikiApplication using Java 1.8.0_221 on LAPTOP-D42A8U4Q with PID 14376 (E:\GongSi\wiki\target\classes started by 22156 in E:\GongSi\wiki)
2021-09-18 00:25:13.172 INFO  com.lwx.wiki.config.WikiApplication               :660  [32m                  [0;39m No active profile set, falling back to default profiles: default
2021-09-18 00:25:13.372 INFO  o.s.boot.web.embedded.tomcat.TomcatWebServer      :108  [32m                  [0;39m Tomcat initialized with port(s): 8080 (http)
2021-09-18 00:25:13.373 INFO  org.apache.coyote.http11.Http11NioProtocol        :173  [32m                  [0;39m Initializing ProtocolHandler ["http-nio-8080"]
2021-09-18 00:25:13.373 INFO  org.apache.catalina.core.StandardService          :173  [32m                  [0;39m Starting service [Tomcat]
2021-09-18 00:25:13.373 INFO  org.apache.catalina.core.StandardEngine           :173  [32m                  [0;39m Starting Servlet engine: [Apache Tomcat/9.0.39]
2021-09-18 00:25:13.478 INFO  o.a.c.core.ContainerBase.[Tomcat].[localhost].[/] :173  [32m                  [0;39m Initializing Spring embedded WebApplicationContext
2021-09-18 00:25:13.478 INFO  o.s.b.w.s.c.ServletWebServerApplicationContext    :289  [32m                  [0;39m Root WebApplicationContext: initialization completed in 303 ms
2021-09-18 00:25:13.567 INFO  o.s.scheduling.concurrent.ThreadPoolTaskExecutor  :181  [32m                  [0;39m Initializing ExecutorService 'applicationTaskExecutor'
2021-09-18 00:25:13.633 INFO  o.s.b.d.autoconfigure.OptionalLiveReloadServer    :58   [32m                  [0;39m LiveReload server is running on port 35729
2021-09-18 00:25:13.639 INFO  org.apache.coyote.http11.Http11NioProtocol        :173  [32m                  [0;39m Starting ProtocolHandler ["http-nio-8080"]
2021-09-18 00:25:13.642 INFO  o.s.boot.web.embedded.tomcat.TomcatWebServer      :220  [32m                  [0;39m Tomcat started on port(s): 8080 (http) with context path ''
2021-09-18 00:25:13.646 INFO  com.lwx.wiki.config.WikiApplication               :61   [32m                  [0;39m Started WikiApplication in 0.506 seconds (JVM running for 1200.639)
2021-09-18 00:25:13.648 INFO  o.s.b.d.a.ConditionEvaluationDeltaLoggingListener :63   [32m                  [0;39m Condition evaluation unchanged
2021-09-18 00:25:13.649 INFO  com.lwx.wiki.config.WikiApplication               :19   [32m                  [0;39m 启动成功！！
2021-09-18 00:25:13.649 INFO  com.lwx.wiki.config.WikiApplication               :20   [32m                  [0;39m 地址:	http://127.0.0.1:8080
2021-09-18 22:53:44.958 INFO  com.lwx.wiki.config.WikiApplication               :55   [32m                  [0;39m Starting WikiApplication using Java 1.8.0_221 on LAPTOP-D42A8U4Q with PID 5680 (E:\GongSi\wiki\target\classes started by 22156 in E:\GongSi\wiki)
2021-09-18 22:53:44.979 INFO  com.lwx.wiki.config.WikiApplication               :660  [32m                  [0;39m No active profile set, falling back to default profiles: default
2021-09-18 22:53:45.201 INFO  o.s.b.d.env.DevToolsPropertyDefaultsPostProcessor :255  [32m                  [0;39m Devtools property defaults active! Set 'spring.devtools.add-properties' to 'false' to disable
2021-09-18 22:53:45.203 INFO  o.s.b.d.env.DevToolsPropertyDefaultsPostProcessor :255  [32m                  [0;39m For additional web related logging consider setting the 'logging.level.web' property to 'DEBUG'
2021-09-18 22:53:46.917 INFO  o.s.boot.web.embedded.tomcat.TomcatWebServer      :108  [32m                  [0;39m Tomcat initialized with port(s): 8080 (http)
2021-09-18 22:53:46.928 INFO  org.apache.coyote.http11.Http11NioProtocol        :173  [32m                  [0;39m Initializing ProtocolHandler ["http-nio-8080"]
2021-09-18 22:53:46.928 INFO  org.apache.catalina.core.StandardService          :173  [32m                  [0;39m Starting service [Tomcat]
2021-09-18 22:53:46.929 INFO  org.apache.catalina.core.StandardEngine           :173  [32m                  [0;39m Starting Servlet engine: [Apache Tomcat/9.0.39]
2021-09-18 22:53:47.016 INFO  o.a.c.core.ContainerBase.[Tomcat].[localhost].[/] :173  [32m                  [0;39m Initializing Spring embedded WebApplicationContext
2021-09-18 22:53:47.016 INFO  o.s.b.w.s.c.ServletWebServerApplicationContext    :289  [32m                  [0;39m Root WebApplicationContext: initialization completed in 1787 ms
2021-09-18 22:53:47.719 INFO  o.s.scheduling.concurrent.ThreadPoolTaskExecutor  :181  [32m                  [0;39m Initializing ExecutorService 'applicationTaskExecutor'
2021-09-18 22:53:47.997 INFO  o.s.b.d.autoconfigure.OptionalLiveReloadServer    :58   [32m                  [0;39m LiveReload server is running on port 35729
2021-09-18 22:53:48.012 INFO  org.apache.coyote.http11.Http11NioProtocol        :173  [32m                  [0;39m Starting ProtocolHandler ["http-nio-8080"]
2021-09-18 22:53:48.028 INFO  o.s.boot.web.embedded.tomcat.TomcatWebServer      :220  [32m                  [0;39m Tomcat started on port(s): 8080 (http) with context path ''
2021-09-18 22:53:48.054 INFO  com.lwx.wiki.config.WikiApplication               :61   [32m                  [0;39m Started WikiApplication in 5.08 seconds (JVM running for 9.675)
2021-09-18 22:53:48.063 INFO  com.lwx.wiki.config.WikiApplication               :19   [32m                  [0;39m 启动成功！！
2021-09-18 22:53:48.063 INFO  com.lwx.wiki.config.WikiApplication               :20   [32m                  [0;39m 地址:	http://127.0.0.1:8080
2021-09-18 22:53:52.889 INFO  o.a.c.core.ContainerBase.[Tomcat].[localhost].[/] :173  [32m                  [0;39m Initializing Spring DispatcherServlet 'dispatcherServlet'
2021-09-18 22:53:52.890 INFO  org.springframework.web.servlet.DispatcherServlet :525  [32m                  [0;39m Initializing Servlet 'dispatcherServlet'
2021-09-18 22:53:52.892 INFO  org.springframework.web.servlet.DispatcherServlet :547  [32m                  [0;39m Completed initialization in 1 ms
2021-09-18 22:53:52.946 INFO  com.zaxxer.hikari.HikariDataSource                :110  [32m                  [0;39m HikariPool-1 - Starting...
2021-09-18 22:53:53.071 INFO  com.zaxxer.hikari.HikariDataSource                :123  [32m                  [0;39m HikariPool-1 - Start completed.
2021-09-18 22:55:11.475 INFO  o.s.scheduling.concurrent.ThreadPoolTaskExecutor  :218  [32m                  [0;39m Shutting down ExecutorService 'applicationTaskExecutor'
2021-09-18 22:55:11.476 INFO  com.zaxxer.hikari.HikariDataSource                :350  [32m                  [0;39m HikariPool-1 - Shutdown initiated...
2021-09-18 22:55:11.487 INFO  com.zaxxer.hikari.HikariDataSource                :352  [32m                  [0;39m HikariPool-1 - Shutdown completed.
2021-09-18 22:55:11.651 INFO  com.lwx.wiki.config.WikiApplication               :55   [32m                  [0;39m Starting WikiApplication using Java 1.8.0_221 on LAPTOP-D42A8U4Q with PID 5680 (E:\GongSi\wiki\target\classes started by 22156 in E:\GongSi\wiki)
2021-09-18 22:55:11.654 INFO  com.lwx.wiki.config.WikiApplication               :660  [32m                  [0;39m No active profile set, falling back to default profiles: default
2021-09-18 22:55:11.976 INFO  o.s.boot.web.embedded.tomcat.TomcatWebServer      :108  [32m                  [0;39m Tomcat initialized with port(s): 8080 (http)
2021-09-18 22:55:11.976 INFO  org.apache.coyote.http11.Http11NioProtocol        :173  [32m                  [0;39m Initializing ProtocolHandler ["http-nio-8080"]
2021-09-18 22:55:11.977 INFO  org.apache.catalina.core.StandardService          :173  [32m                  [0;39m Starting service [Tomcat]
2021-09-18 22:55:11.977 INFO  org.apache.catalina.core.StandardEngine           :173  [32m                  [0;39m Starting Servlet engine: [Apache Tomcat/9.0.39]
2021-09-18 22:55:11.991 INFO  o.a.c.core.ContainerBase.[Tomcat].[localhost].[/] :173  [32m                  [0;39m Initializing Spring embedded WebApplicationContext
2021-09-18 22:55:11.992 INFO  o.s.b.w.s.c.ServletWebServerApplicationContext    :289  [32m                  [0;39m Root WebApplicationContext: initialization completed in 331 ms
2021-09-18 22:55:12.114 INFO  o.s.scheduling.concurrent.ThreadPoolTaskExecutor  :181  [32m                  [0;39m Initializing ExecutorService 'applicationTaskExecutor'
2021-09-18 22:55:12.186 INFO  o.s.b.d.autoconfigure.OptionalLiveReloadServer    :58   [32m                  [0;39m LiveReload server is running on port 35729
2021-09-18 22:55:12.198 INFO  org.apache.coyote.http11.Http11NioProtocol        :173  [32m                  [0;39m Starting ProtocolHandler ["http-nio-8080"]
2021-09-18 22:55:12.201 INFO  o.s.boot.web.embedded.tomcat.TomcatWebServer      :220  [32m                  [0;39m Tomcat started on port(s): 8080 (http) with context path ''
2021-09-18 22:55:12.209 INFO  com.lwx.wiki.config.WikiApplication               :61   [32m                  [0;39m Started WikiApplication in 0.599 seconds (JVM running for 93.827)
2021-09-18 22:55:12.211 INFO  o.s.b.d.a.ConditionEvaluationDeltaLoggingListener :63   [32m                  [0;39m Condition evaluation unchanged
2021-09-18 22:55:12.211 INFO  com.lwx.wiki.config.WikiApplication               :19   [32m                  [0;39m 启动成功！！
2021-09-18 22:55:12.212 INFO  com.lwx.wiki.config.WikiApplication               :20   [32m                  [0;39m 地址:	http://127.0.0.1:8080
2021-09-18 22:55:18.349 INFO  o.a.c.core.ContainerBase.[Tomcat].[localhost].[/] :173  [32m                  [0;39m Initializing Spring DispatcherServlet 'dispatcherServlet'
2021-09-18 22:55:18.352 INFO  org.springframework.web.servlet.DispatcherServlet :525  [32m                  [0;39m Initializing Servlet 'dispatcherServlet'
2021-09-18 22:55:18.356 INFO  org.springframework.web.servlet.DispatcherServlet :547  [32m                  [0;39m Completed initialization in 2 ms
2021-09-18 22:55:18.359 INFO  com.zaxxer.hikari.HikariDataSource                :110  [32m                  [0;39m HikariPool-2 - Starting...
2021-09-18 22:55:18.367 INFO  com.zaxxer.hikari.HikariDataSource                :123  [32m                  [0;39m HikariPool-2 - Start completed.
2021-09-18 22:55:27.347 INFO  o.s.scheduling.concurrent.ThreadPoolTaskExecutor  :218  [32m                  [0;39m Shutting down ExecutorService 'applicationTaskExecutor'
2021-09-18 22:55:27.347 INFO  com.zaxxer.hikari.HikariDataSource                :350  [32m                  [0;39m HikariPool-2 - Shutdown initiated...
2021-09-18 22:55:27.352 INFO  com.zaxxer.hikari.HikariDataSource                :352  [32m                  [0;39m HikariPool-2 - Shutdown completed.
2021-09-18 22:55:27.538 INFO  com.lwx.wiki.config.WikiApplication               :55   [32m                  [0;39m Starting WikiApplication using Java 1.8.0_221 on LAPTOP-D42A8U4Q with PID 5680 (E:\GongSi\wiki\target\classes started by 22156 in E:\GongSi\wiki)
2021-09-18 22:55:27.539 INFO  com.lwx.wiki.config.WikiApplication               :660  [32m                  [0;39m No active profile set, falling back to default profiles: default
2021-09-18 22:55:27.804 INFO  o.s.boot.web.embedded.tomcat.TomcatWebServer      :108  [32m                  [0;39m Tomcat initialized with port(s): 8080 (http)
2021-09-18 22:55:27.805 INFO  org.apache.coyote.http11.Http11NioProtocol        :173  [32m                  [0;39m Initializing ProtocolHandler ["http-nio-8080"]
2021-09-18 22:55:27.805 INFO  org.apache.catalina.core.StandardService          :173  [32m                  [0;39m Starting service [Tomcat]
2021-09-18 22:55:27.805 INFO  org.apache.catalina.core.StandardEngine           :173  [32m                  [0;39m Starting Servlet engine: [Apache Tomcat/9.0.39]
2021-09-18 22:55:27.829 INFO  o.a.c.core.ContainerBase.[Tomcat].[localhost].[/] :173  [32m                  [0;39m Initializing Spring embedded WebApplicationContext
2021-09-18 22:55:27.829 INFO  o.s.b.w.s.c.ServletWebServerApplicationContext    :289  [32m                  [0;39m Root WebApplicationContext: initialization completed in 283 ms
2021-09-18 22:55:27.933 INFO  o.s.scheduling.concurrent.ThreadPoolTaskExecutor  :181  [32m                  [0;39m Initializing ExecutorService 'applicationTaskExecutor'
2021-09-18 22:55:27.984 INFO  o.s.b.d.autoconfigure.OptionalLiveReloadServer    :58   [32m                  [0;39m LiveReload server is running on port 35729
2021-09-18 22:55:27.994 INFO  org.apache.coyote.http11.Http11NioProtocol        :173  [32m                  [0;39m Starting ProtocolHandler ["http-nio-8080"]
2021-09-18 22:55:27.999 INFO  o.s.boot.web.embedded.tomcat.TomcatWebServer      :220  [32m                  [0;39m Tomcat started on port(s): 8080 (http) with context path ''
2021-09-18 22:55:28.003 INFO  com.lwx.wiki.config.WikiApplication               :61   [32m                  [0;39m Started WikiApplication in 0.496 seconds (JVM running for 109.621)
2021-09-18 22:55:28.005 INFO  o.s.b.d.a.ConditionEvaluationDeltaLoggingListener :63   [32m                  [0;39m Condition evaluation unchanged
2021-09-18 22:55:28.005 INFO  com.lwx.wiki.config.WikiApplication               :19   [32m                  [0;39m 启动成功！！
2021-09-18 22:55:28.006 INFO  com.lwx.wiki.config.WikiApplication               :20   [32m                  [0;39m 地址:	http://127.0.0.1:8080
2021-09-18 22:55:29.758 INFO  o.s.scheduling.concurrent.ThreadPoolTaskExecutor  :218  [32m                  [0;39m Shutting down ExecutorService 'applicationTaskExecutor'
2021-09-18 22:55:29.923 INFO  com.lwx.wiki.config.WikiApplication               :55   [32m                  [0;39m Starting WikiApplication using Java 1.8.0_221 on LAPTOP-D42A8U4Q with PID 5680 (E:\GongSi\wiki\target\classes started by 22156 in E:\GongSi\wiki)
2021-09-18 22:55:29.923 INFO  com.lwx.wiki.config.WikiApplication               :660  [32m                  [0;39m No active profile set, falling back to default profiles: default
2021-09-18 22:55:30.076 INFO  o.s.boot.web.embedded.tomcat.TomcatWebServer      :108  [32m                  [0;39m Tomcat initialized with port(s): 8080 (http)
2021-09-18 22:55:30.077 INFO  org.apache.coyote.http11.Http11NioProtocol        :173  [32m                  [0;39m Initializing ProtocolHandler ["http-nio-8080"]
2021-09-18 22:55:30.077 INFO  org.apache.catalina.core.StandardService          :173  [32m                  [0;39m Starting service [Tomcat]
2021-09-18 22:55:30.077 INFO  org.apache.catalina.core.StandardEngine           :173  [32m                  [0;39m Starting Servlet engine: [Apache Tomcat/9.0.39]
2021-09-18 22:55:30.133 INFO  o.a.c.core.ContainerBase.[Tomcat].[localhost].[/] :173  [32m                  [0;39m Initializing Spring embedded WebApplicationContext
2021-09-18 22:55:30.134 INFO  o.s.b.w.s.c.ServletWebServerApplicationContext    :289  [32m                  [0;39m Root WebApplicationContext: initialization completed in 208 ms
2021-09-18 22:55:30.371 INFO  o.s.scheduling.concurrent.ThreadPoolTaskExecutor  :181  [32m                  [0;39m Initializing ExecutorService 'applicationTaskExecutor'
2021-09-18 22:55:30.449 INFO  o.s.b.d.autoconfigure.OptionalLiveReloadServer    :58   [32m                  [0;39m LiveReload server is running on port 35729
2021-09-18 22:55:30.460 INFO  org.apache.coyote.http11.Http11NioProtocol        :173  [32m                  [0;39m Starting ProtocolHandler ["http-nio-8080"]
2021-09-18 22:55:30.465 INFO  o.s.boot.web.embedded.tomcat.TomcatWebServer      :220  [32m                  [0;39m Tomcat started on port(s): 8080 (http) with context path ''
2021-09-18 22:55:30.473 INFO  com.lwx.wiki.config.WikiApplication               :61   [32m                  [0;39m Started WikiApplication in 0.578 seconds (JVM running for 112.091)
2021-09-18 22:55:30.476 INFO  o.s.b.d.a.ConditionEvaluationDeltaLoggingListener :63   [32m                  [0;39m Condition evaluation unchanged
2021-09-18 22:55:30.477 INFO  com.lwx.wiki.config.WikiApplication               :19   [32m                  [0;39m 启动成功！！
2021-09-18 22:55:30.478 INFO  com.lwx.wiki.config.WikiApplication               :20   [32m                  [0;39m 地址:	http://127.0.0.1:8080
2021-09-18 22:55:35.256 INFO  o.a.c.core.ContainerBase.[Tomcat].[localhost].[/] :173  [32m                  [0;39m Initializing Spring DispatcherServlet 'dispatcherServlet'
2021-09-18 22:55:35.260 INFO  org.springframework.web.servlet.DispatcherServlet :525  [32m                  [0;39m Initializing Servlet 'dispatcherServlet'
2021-09-18 22:55:35.261 INFO  org.springframework.web.servlet.DispatcherServlet :547  [32m                  [0;39m Completed initialization in 0 ms
2021-09-18 22:55:35.265 INFO  com.zaxxer.hikari.HikariDataSource                :110  [32m                  [0;39m HikariPool-3 - Starting...
2021-09-18 22:55:35.280 INFO  com.zaxxer.hikari.HikariDataSource                :123  [32m                  [0;39m HikariPool-3 - Start completed.
2021-09-18 23:10:03.637 INFO  o.s.scheduling.concurrent.ThreadPoolTaskExecutor  :218  [32m                  [0;39m Shutting down ExecutorService 'applicationTaskExecutor'
2021-09-18 23:10:03.637 INFO  com.zaxxer.hikari.HikariDataSource                :350  [32m                  [0;39m HikariPool-3 - Shutdown initiated...
2021-09-18 23:10:03.682 INFO  com.zaxxer.hikari.HikariDataSource                :352  [32m                  [0;39m HikariPool-3 - Shutdown completed.
2021-09-18 23:10:04.974 INFO  com.lwx.wiki.config.WikiApplication               :55   [32m                  [0;39m Starting WikiApplication using Java 1.8.0_221 on LAPTOP-D42A8U4Q with PID 5680 (E:\GongSi\wiki\target\classes started by 22156 in E:\GongSi\wiki)
2021-09-18 23:10:04.974 INFO  com.lwx.wiki.config.WikiApplication               :660  [32m                  [0;39m No active profile set, falling back to default profiles: default
2021-09-18 23:10:05.260 INFO  o.s.boot.web.embedded.tomcat.TomcatWebServer      :108  [32m                  [0;39m Tomcat initialized with port(s): 8080 (http)
2021-09-18 23:10:05.261 INFO  org.apache.coyote.http11.Http11NioProtocol        :173  [32m                  [0;39m Initializing ProtocolHandler ["http-nio-8080"]
2021-09-18 23:10:05.265 INFO  org.apache.catalina.core.StandardService          :173  [32m                  [0;39m Starting service [Tomcat]
2021-09-18 23:10:05.265 INFO  org.apache.catalina.core.StandardEngine           :173  [32m                  [0;39m Starting Servlet engine: [Apache Tomcat/9.0.39]
2021-09-18 23:10:05.293 INFO  o.a.c.core.ContainerBase.[Tomcat].[localhost].[/] :173  [32m                  [0;39m Initializing Spring embedded WebApplicationContext
2021-09-18 23:10:05.293 INFO  o.s.b.w.s.c.ServletWebServerApplicationContext    :289  [32m                  [0;39m Root WebApplicationContext: initialization completed in 302 ms
2021-09-18 23:10:05.416 INFO  o.s.scheduling.concurrent.ThreadPoolTaskExecutor  :181  [32m                  [0;39m Initializing ExecutorService 'applicationTaskExecutor'
2021-09-18 23:10:05.481 INFO  o.s.b.d.autoconfigure.OptionalLiveReloadServer    :58   [32m                  [0;39m LiveReload server is running on port 35729
2021-09-18 23:10:05.491 INFO  org.apache.coyote.http11.Http11NioProtocol        :173  [32m                  [0;39m Starting ProtocolHandler ["http-nio-8080"]
2021-09-18 23:10:05.496 INFO  o.s.boot.web.embedded.tomcat.TomcatWebServer      :220  [32m                  [0;39m Tomcat started on port(s): 8080 (http) with context path ''
2021-09-18 23:10:05.503 INFO  com.lwx.wiki.config.WikiApplication               :61   [32m                  [0;39m Started WikiApplication in 0.813 seconds (JVM running for 987.121)
2021-09-18 23:10:05.506 INFO  o.s.b.d.a.ConditionEvaluationDeltaLoggingListener :63   [32m                  [0;39m Condition evaluation unchanged
2021-09-18 23:10:05.506 INFO  com.lwx.wiki.config.WikiApplication               :19   [32m                  [0;39m 启动成功！！
2021-09-18 23:10:05.508 INFO  com.lwx.wiki.config.WikiApplication               :20   [32m                  [0;39m 地址:	http://127.0.0.1:8080
2021-09-18 23:10:08.645 INFO  o.s.scheduling.concurrent.ThreadPoolTaskExecutor  :218  [32m                  [0;39m Shutting down ExecutorService 'applicationTaskExecutor'
2021-09-18 23:10:09.468 INFO  com.lwx.wiki.config.WikiApplication               :55   [32m                  [0;39m Starting WikiApplication using Java 1.8.0_221 on LAPTOP-D42A8U4Q with PID 5680 (E:\GongSi\wiki\target\classes started by 22156 in E:\GongSi\wiki)
2021-09-18 23:10:09.468 INFO  com.lwx.wiki.config.WikiApplication               :660  [32m                  [0;39m No active profile set, falling back to default profiles: default
2021-09-18 23:10:10.893 INFO  o.s.boot.web.embedded.tomcat.TomcatWebServer      :108  [32m                  [0;39m Tomcat initialized with port(s): 8080 (http)
2021-09-18 23:10:10.901 INFO  org.apache.coyote.http11.Http11NioProtocol        :173  [32m                  [0;39m Initializing ProtocolHandler ["http-nio-8080"]
2021-09-18 23:10:10.905 INFO  org.apache.catalina.core.StandardService          :173  [32m                  [0;39m Starting service [Tomcat]
2021-09-18 23:10:10.908 INFO  org.apache.catalina.core.StandardEngine           :173  [32m                  [0;39m Starting Servlet engine: [Apache Tomcat/9.0.39]
2021-09-18 23:10:11.050 INFO  o.a.c.core.ContainerBase.[Tomcat].[localhost].[/] :173  [32m                  [0;39m Initializing Spring embedded WebApplicationContext
2021-09-18 23:10:11.053 INFO  o.s.b.w.s.c.ServletWebServerApplicationContext    :289  [32m                  [0;39m Root WebApplicationContext: initialization completed in 1568 ms
2021-09-18 23:10:11.753 INFO  o.s.scheduling.concurrent.ThreadPoolTaskExecutor  :181  [32m                  [0;39m Initializing ExecutorService 'applicationTaskExecutor'
2021-09-18 23:10:12.043 INFO  o.s.b.d.autoconfigure.OptionalLiveReloadServer    :58   [32m                  [0;39m LiveReload server is running on port 35729
2021-09-18 23:10:12.061 INFO  org.apache.coyote.http11.Http11NioProtocol        :173  [32m                  [0;39m Starting ProtocolHandler ["http-nio-8080"]
2021-09-18 23:10:12.066 INFO  o.s.boot.web.embedded.tomcat.TomcatWebServer      :220  [32m                  [0;39m Tomcat started on port(s): 8080 (http) with context path ''
2021-09-18 23:10:12.072 INFO  com.lwx.wiki.config.WikiApplication               :61   [32m                  [0;39m Started WikiApplication in 2.847 seconds (JVM running for 993.689)
2021-09-18 23:10:12.073 INFO  o.s.b.d.a.ConditionEvaluationDeltaLoggingListener :63   [32m                  [0;39m Condition evaluation unchanged
2021-09-18 23:10:12.073 INFO  com.lwx.wiki.config.WikiApplication               :19   [32m                  [0;39m 启动成功！！
2021-09-18 23:10:12.074 INFO  com.lwx.wiki.config.WikiApplication               :20   [32m                  [0;39m 地址:	http://127.0.0.1:8080
2021-09-18 23:10:13.911 INFO  o.s.scheduling.concurrent.ThreadPoolTaskExecutor  :218  [32m                  [0;39m Shutting down ExecutorService 'applicationTaskExecutor'
2021-09-18 23:10:14.088 INFO  com.lwx.wiki.config.WikiApplication               :55   [32m                  [0;39m Starting WikiApplication using Java 1.8.0_221 on LAPTOP-D42A8U4Q with PID 5680 (E:\GongSi\wiki\target\classes started by 22156 in E:\GongSi\wiki)
2021-09-18 23:10:14.089 INFO  com.lwx.wiki.config.WikiApplication               :660  [32m                  [0;39m No active profile set, falling back to default profiles: default
2021-09-18 23:10:14.361 INFO  o.s.boot.web.embedded.tomcat.TomcatWebServer      :108  [32m                  [0;39m Tomcat initialized with port(s): 8080 (http)
2021-09-18 23:10:14.362 INFO  org.apache.coyote.http11.Http11NioProtocol        :173  [32m                  [0;39m Initializing ProtocolHandler ["http-nio-8080"]
2021-09-18 23:10:14.363 INFO  org.apache.catalina.core.StandardService          :173  [32m                  [0;39m Starting service [Tomcat]
2021-09-18 23:10:14.363 INFO  org.apache.catalina.core.StandardEngine           :173  [32m                  [0;39m Starting Servlet engine: [Apache Tomcat/9.0.39]
2021-09-18 23:10:14.389 INFO  o.a.c.core.ContainerBase.[Tomcat].[localhost].[/] :173  [32m                  [0;39m Initializing Spring embedded WebApplicationContext
2021-09-18 23:10:14.390 INFO  o.s.b.w.s.c.ServletWebServerApplicationContext    :289  [32m                  [0;39m Root WebApplicationContext: initialization completed in 298 ms
2021-09-18 23:10:14.537 INFO  o.s.scheduling.concurrent.ThreadPoolTaskExecutor  :181  [32m                  [0;39m Initializing ExecutorService 'applicationTaskExecutor'
2021-09-18 23:10:14.651 INFO  o.s.b.d.autoconfigure.OptionalLiveReloadServer    :58   [32m                  [0;39m LiveReload server is running on port 35729
2021-09-18 23:10:14.672 INFO  org.apache.coyote.http11.Http11NioProtocol        :173  [32m                  [0;39m Starting ProtocolHandler ["http-nio-8080"]
2021-09-18 23:10:14.677 INFO  o.s.boot.web.embedded.tomcat.TomcatWebServer      :220  [32m                  [0;39m Tomcat started on port(s): 8080 (http) with context path ''
2021-09-18 23:10:14.683 INFO  com.lwx.wiki.config.WikiApplication               :61   [32m                  [0;39m Started WikiApplication in 0.628 seconds (JVM running for 996.303)
2021-09-18 23:10:14.687 INFO  o.s.b.d.a.ConditionEvaluationDeltaLoggingListener :63   [32m                  [0;39m Condition evaluation unchanged
2021-09-18 23:10:14.689 INFO  com.lwx.wiki.config.WikiApplication               :19   [32m                  [0;39m 启动成功！！
2021-09-18 23:10:14.690 INFO  com.lwx.wiki.config.WikiApplication               :20   [32m                  [0;39m 地址:	http://127.0.0.1:8080
2021-09-18 23:10:18.454 INFO  o.s.scheduling.concurrent.ThreadPoolTaskExecutor  :218  [32m                  [0;39m Shutting down ExecutorService 'applicationTaskExecutor'
2021-09-18 23:10:19.403 INFO  com.lwx.wiki.config.WikiApplication               :55   [32m                  [0;39m Starting WikiApplication using Java 1.8.0_221 on LAPTOP-D42A8U4Q with PID 5680 (E:\GongSi\wiki\target\classes started by 22156 in E:\GongSi\wiki)
2021-09-18 23:10:19.407 INFO  com.lwx.wiki.config.WikiApplication               :660  [32m                  [0;39m No active profile set, falling back to default profiles: default
2021-09-18 23:10:20.165 INFO  o.s.boot.web.embedded.tomcat.TomcatWebServer      :108  [32m                  [0;39m Tomcat initialized with port(s): 8080 (http)
2021-09-18 23:10:20.166 INFO  org.apache.coyote.http11.Http11NioProtocol        :173  [32m                  [0;39m Initializing ProtocolHandler ["http-nio-8080"]
2021-09-18 23:10:20.166 INFO  org.apache.catalina.core.StandardService          :173  [32m                  [0;39m Starting service [Tomcat]
2021-09-18 23:10:20.166 INFO  org.apache.catalina.core.StandardEngine           :173  [32m                  [0;39m Starting Servlet engine: [Apache Tomcat/9.0.39]
2021-09-18 23:10:20.180 INFO  o.a.c.core.ContainerBase.[Tomcat].[localhost].[/] :173  [32m                  [0;39m Initializing Spring embedded WebApplicationContext
2021-09-18 23:10:20.181 INFO  o.s.b.w.s.c.ServletWebServerApplicationContext    :289  [32m                  [0;39m Root WebApplicationContext: initialization completed in 753 ms
2021-09-18 23:10:20.270 INFO  o.s.scheduling.concurrent.ThreadPoolTaskExecutor  :181  [32m                  [0;39m Initializing ExecutorService 'applicationTaskExecutor'
2021-09-18 23:10:20.313 INFO  o.s.b.d.autoconfigure.OptionalLiveReloadServer    :58   [32m                  [0;39m LiveReload server is running on port 35729
2021-09-18 23:10:20.319 INFO  org.apache.coyote.http11.Http11NioProtocol        :173  [32m                  [0;39m Starting ProtocolHandler ["http-nio-8080"]
2021-09-18 23:10:20.323 INFO  o.s.boot.web.embedded.tomcat.TomcatWebServer      :220  [32m                  [0;39m Tomcat started on port(s): 8080 (http) with context path ''
2021-09-18 23:10:20.326 INFO  com.lwx.wiki.config.WikiApplication               :61   [32m                  [0;39m Started WikiApplication in 1.15 seconds (JVM running for 1001.946)
2021-09-18 23:10:20.329 INFO  o.s.b.d.a.ConditionEvaluationDeltaLoggingListener :63   [32m                  [0;39m Condition evaluation unchanged
2021-09-18 23:10:20.330 INFO  com.lwx.wiki.config.WikiApplication               :19   [32m                  [0;39m 启动成功！！
2021-09-18 23:10:20.330 INFO  com.lwx.wiki.config.WikiApplication               :20   [32m                  [0;39m 地址:	http://127.0.0.1:8080
2021-09-18 23:14:06.468 INFO  com.lwx.wiki.config.WikiApplication               :55   [32m                  [0;39m Starting WikiApplication using Java 1.8.0_221 on LAPTOP-D42A8U4Q with PID 7080 (E:\GongSi\wiki\target\classes started by 22156 in E:\GongSi\wiki)
2021-09-18 23:14:06.471 INFO  com.lwx.wiki.config.WikiApplication               :660  [32m                  [0;39m No active profile set, falling back to default profiles: default
2021-09-18 23:14:06.536 INFO  o.s.b.d.env.DevToolsPropertyDefaultsPostProcessor :255  [32m                  [0;39m Devtools property defaults active! Set 'spring.devtools.add-properties' to 'false' to disable
2021-09-18 23:14:06.536 INFO  o.s.b.d.env.DevToolsPropertyDefaultsPostProcessor :255  [32m                  [0;39m For additional web related logging consider setting the 'logging.level.web' property to 'DEBUG'
2021-09-18 23:14:07.744 INFO  o.s.boot.web.embedded.tomcat.TomcatWebServer      :108  [32m                  [0;39m Tomcat initialized with port(s): 8080 (http)
2021-09-18 23:14:07.753 INFO  org.apache.coyote.http11.Http11NioProtocol        :173  [32m                  [0;39m Initializing ProtocolHandler ["http-nio-8080"]
2021-09-18 23:14:07.754 INFO  org.apache.catalina.core.StandardService          :173  [32m                  [0;39m Starting service [Tomcat]
2021-09-18 23:14:07.754 INFO  org.apache.catalina.core.StandardEngine           :173  [32m                  [0;39m Starting Servlet engine: [Apache Tomcat/9.0.39]
2021-09-18 23:14:07.824 INFO  o.a.c.core.ContainerBase.[Tomcat].[localhost].[/] :173  [32m                  [0;39m Initializing Spring embedded WebApplicationContext
2021-09-18 23:14:07.824 INFO  o.s.b.w.s.c.ServletWebServerApplicationContext    :289  [32m                  [0;39m Root WebApplicationContext: initialization completed in 1286 ms
2021-09-18 23:14:08.358 INFO  o.s.scheduling.concurrent.ThreadPoolTaskExecutor  :181  [32m                  [0;39m Initializing ExecutorService 'applicationTaskExecutor'
2021-09-18 23:14:08.662 INFO  o.s.b.d.autoconfigure.OptionalLiveReloadServer    :58   [32m                  [0;39m LiveReload server is running on port 35729
2021-09-18 23:14:08.687 INFO  org.apache.coyote.http11.Http11NioProtocol        :173  [32m                  [0;39m Starting ProtocolHandler ["http-nio-8080"]
2021-09-18 23:14:08.707 INFO  o.s.boot.web.embedded.tomcat.TomcatWebServer      :220  [32m                  [0;39m Tomcat started on port(s): 8080 (http) with context path ''
2021-09-18 23:14:08.719 INFO  com.lwx.wiki.config.WikiApplication               :61   [32m                  [0;39m Started WikiApplication in 2.835 seconds (JVM running for 4.066)
2021-09-18 23:14:08.726 INFO  com.lwx.wiki.config.WikiApplication               :19   [32m                  [0;39m 启动成功！！
2021-09-18 23:14:08.727 INFO  com.lwx.wiki.config.WikiApplication               :20   [32m                  [0;39m 地址:	http://127.0.0.1:8080
2021-09-18 23:14:10.462 INFO  o.a.c.core.ContainerBase.[Tomcat].[localhost].[/] :173  [32m                  [0;39m Initializing Spring DispatcherServlet 'dispatcherServlet'
2021-09-18 23:14:10.468 INFO  org.springframework.web.servlet.DispatcherServlet :525  [32m                  [0;39m Initializing Servlet 'dispatcherServlet'
2021-09-18 23:14:10.469 INFO  org.springframework.web.servlet.DispatcherServlet :547  [32m                  [0;39m Completed initialization in 1 ms
2021-09-18 23:14:10.516 INFO  com.zaxxer.hikari.HikariDataSource                :110  [32m                  [0;39m HikariPool-1 - Starting...
2021-09-18 23:14:10.651 INFO  com.zaxxer.hikari.HikariDataSource                :123  [32m                  [0;39m HikariPool-1 - Start completed.
2021-09-18 23:20:12.288 INFO  o.s.scheduling.concurrent.ThreadPoolTaskExecutor  :218  [32m                  [0;39m Shutting down ExecutorService 'applicationTaskExecutor'
2021-09-18 23:20:12.289 INFO  com.zaxxer.hikari.HikariDataSource                :350  [32m                  [0;39m HikariPool-1 - Shutdown initiated...
2021-09-18 23:20:12.304 INFO  com.zaxxer.hikari.HikariDataSource                :352  [32m                  [0;39m HikariPool-1 - Shutdown completed.
2021-09-18 23:20:12.505 INFO  com.lwx.wiki.config.WikiApplication               :55   [32m                  [0;39m Starting WikiApplication using Java 1.8.0_221 on LAPTOP-D42A8U4Q with PID 7080 (E:\GongSi\wiki\target\classes started by 22156 in E:\GongSi\wiki)
2021-09-18 23:20:12.506 INFO  com.lwx.wiki.config.WikiApplication               :660  [32m                  [0;39m No active profile set, falling back to default profiles: default
2021-09-18 23:20:12.838 INFO  o.s.boot.web.embedded.tomcat.TomcatWebServer      :108  [32m                  [0;39m Tomcat initialized with port(s): 8080 (http)
2021-09-18 23:20:12.839 INFO  org.apache.coyote.http11.Http11NioProtocol        :173  [32m                  [0;39m Initializing ProtocolHandler ["http-nio-8080"]
2021-09-18 23:20:12.840 INFO  org.apache.catalina.core.StandardService          :173  [32m                  [0;39m Starting service [Tomcat]
2021-09-18 23:20:12.840 INFO  org.apache.catalina.core.StandardEngine           :173  [32m                  [0;39m Starting Servlet engine: [Apache Tomcat/9.0.39]
2021-09-18 23:20:12.856 INFO  o.a.c.core.ContainerBase.[Tomcat].[localhost].[/] :173  [32m                  [0;39m Initializing Spring embedded WebApplicationContext
2021-09-18 23:20:12.856 INFO  o.s.b.w.s.c.ServletWebServerApplicationContext    :289  [32m                  [0;39m Root WebApplicationContext: initialization completed in 346 ms
2021-09-18 23:20:13.020 INFO  o.s.scheduling.concurrent.ThreadPoolTaskExecutor  :181  [32m                  [0;39m Initializing ExecutorService 'applicationTaskExecutor'
2021-09-18 23:20:13.091 INFO  o.s.b.d.autoconfigure.OptionalLiveReloadServer    :58   [32m                  [0;39m LiveReload server is running on port 35729
2021-09-18 23:20:13.103 INFO  org.apache.coyote.http11.Http11NioProtocol        :173  [32m                  [0;39m Starting ProtocolHandler ["http-nio-8080"]
2021-09-18 23:20:13.112 INFO  o.s.boot.web.embedded.tomcat.TomcatWebServer      :220  [32m                  [0;39m Tomcat started on port(s): 8080 (http) with context path ''
2021-09-18 23:20:13.121 INFO  com.lwx.wiki.config.WikiApplication               :61   [32m                  [0;39m Started WikiApplication in 0.663 seconds (JVM running for 368.464)
2021-09-18 23:20:13.124 INFO  o.s.b.d.a.ConditionEvaluationDeltaLoggingListener :63   [32m                  [0;39m Condition evaluation unchanged
2021-09-18 23:20:13.125 INFO  com.lwx.wiki.config.WikiApplication               :19   [32m                  [0;39m 启动成功！！
2021-09-18 23:20:13.125 INFO  com.lwx.wiki.config.WikiApplication               :20   [32m                  [0;39m 地址:	http://127.0.0.1:8080
2021-09-18 23:20:19.487 INFO  o.a.c.core.ContainerBase.[Tomcat].[localhost].[/] :173  [32m                  [0;39m Initializing Spring DispatcherServlet 'dispatcherServlet'
2021-09-18 23:20:19.489 INFO  org.springframework.web.servlet.DispatcherServlet :525  [32m                  [0;39m Initializing Servlet 'dispatcherServlet'
2021-09-18 23:20:19.490 INFO  org.springframework.web.servlet.DispatcherServlet :547  [32m                  [0;39m Completed initialization in 1 ms
2021-09-18 23:20:19.492 INFO  com.zaxxer.hikari.HikariDataSource                :110  [32m                  [0;39m HikariPool-2 - Starting...
2021-09-18 23:20:19.498 INFO  com.zaxxer.hikari.HikariDataSource                :123  [32m                  [0;39m HikariPool-2 - Start completed.
2021-09-18 23:44:55.407 WARN  com.zaxxer.hikari.pool.HikariPool                 :787  [32m                  [0;39m HikariPool-2 - Thread starvation or clock leap detected (housekeeper delta=17m5s691ms212µs100ns).
2021-09-18 23:45:58.047 INFO  o.s.scheduling.concurrent.ThreadPoolTaskExecutor  :218  [32m                  [0;39m Shutting down ExecutorService 'applicationTaskExecutor'
2021-09-18 23:45:58.047 INFO  com.zaxxer.hikari.HikariDataSource                :350  [32m                  [0;39m HikariPool-2 - Shutdown initiated...
2021-09-18 23:45:58.063 INFO  com.zaxxer.hikari.HikariDataSource                :352  [32m                  [0;39m HikariPool-2 - Shutdown completed.
2021-09-18 23:45:58.313 INFO  com.lwx.wiki.config.WikiApplication               :55   [32m                  [0;39m Starting WikiApplication using Java 1.8.0_221 on LAPTOP-D42A8U4Q with PID 7080 (E:\GongSi\wiki\target\classes started by 22156 in E:\GongSi\wiki)
2021-09-18 23:45:58.313 INFO  com.lwx.wiki.config.WikiApplication               :660  [32m                  [0;39m No active profile set, falling back to default profiles: default
2021-09-18 23:45:58.719 INFO  o.s.boot.web.embedded.tomcat.TomcatWebServer      :108  [32m                  [0;39m Tomcat initialized with port(s): 8080 (http)
2021-09-18 23:45:58.719 INFO  org.apache.coyote.http11.Http11NioProtocol        :173  [32m                  [0;39m Initializing ProtocolHandler ["http-nio-8080"]
2021-09-18 23:45:58.719 INFO  org.apache.catalina.core.StandardService          :173  [32m                  [0;39m Starting service [Tomcat]
2021-09-18 23:45:58.719 INFO  org.apache.catalina.core.StandardEngine           :173  [32m                  [0;39m Starting Servlet engine: [Apache Tomcat/9.0.39]
2021-09-18 23:45:58.750 INFO  o.a.c.core.ContainerBase.[Tomcat].[localhost].[/] :173  [32m                  [0;39m Initializing Spring embedded WebApplicationContext
2021-09-18 23:45:58.750 INFO  o.s.b.w.s.c.ServletWebServerApplicationContext    :289  [32m                  [0;39m Root WebApplicationContext: initialization completed in 421 ms
2021-09-18 23:45:58.875 INFO  o.s.scheduling.concurrent.ThreadPoolTaskExecutor  :181  [32m                  [0;39m Initializing ExecutorService 'applicationTaskExecutor'
2021-09-18 23:45:58.938 INFO  o.s.b.d.autoconfigure.OptionalLiveReloadServer    :58   [32m                  [0;39m LiveReload server is running on port 35729
2021-09-18 23:45:58.938 INFO  org.apache.coyote.http11.Http11NioProtocol        :173  [32m                  [0;39m Starting ProtocolHandler ["http-nio-8080"]
2021-09-18 23:45:58.953 INFO  o.s.boot.web.embedded.tomcat.TomcatWebServer      :220  [32m                  [0;39m Tomcat started on port(s): 8080 (http) with context path ''
2021-09-18 23:45:58.953 INFO  com.lwx.wiki.config.WikiApplication               :61   [32m                  [0;39m Started WikiApplication in 0.678 seconds (JVM running for 1914.314)
2021-09-18 23:45:58.953 INFO  o.s.b.d.a.ConditionEvaluationDeltaLoggingListener :63   [32m                  [0;39m Condition evaluation unchanged
2021-09-18 23:45:58.953 INFO  com.lwx.wiki.config.WikiApplication               :19   [32m                  [0;39m 启动成功！！
2021-09-18 23:45:58.953 INFO  com.lwx.wiki.config.WikiApplication               :20   [32m                  [0;39m 地址:	http://127.0.0.1:8080
2021-09-18 23:48:13.620 INFO  o.s.scheduling.concurrent.ThreadPoolTaskExecutor  :218  [32m                  [0;39m Shutting down ExecutorService 'applicationTaskExecutor'
2021-09-18 23:48:13.813 INFO  com.lwx.wiki.config.WikiApplication               :55   [32m                  [0;39m Starting WikiApplication using Java 1.8.0_221 on LAPTOP-D42A8U4Q with PID 7080 (E:\GongSi\wiki\target\classes started by 22156 in E:\GongSi\wiki)
2021-09-18 23:48:13.813 INFO  com.lwx.wiki.config.WikiApplication               :660  [32m                  [0;39m No active profile set, falling back to default profiles: default
2021-09-18 23:48:14.068 INFO  o.s.boot.web.embedded.tomcat.TomcatWebServer      :108  [32m                  [0;39m Tomcat initialized with port(s): 8080 (http)
2021-09-18 23:48:14.072 INFO  org.apache.coyote.http11.Http11NioProtocol        :173  [32m                  [0;39m Initializing ProtocolHandler ["http-nio-8080"]
2021-09-18 23:48:14.072 INFO  org.apache.catalina.core.StandardService          :173  [32m                  [0;39m Starting service [Tomcat]
2021-09-18 23:48:14.073 INFO  org.apache.catalina.core.StandardEngine           :173  [32m                  [0;39m Starting Servlet engine: [Apache Tomcat/9.0.39]
2021-09-18 23:48:14.089 INFO  o.a.c.core.ContainerBase.[Tomcat].[localhost].[/] :173  [32m                  [0;39m Initializing Spring embedded WebApplicationContext
2021-09-18 23:48:14.090 INFO  o.s.b.w.s.c.ServletWebServerApplicationContext    :289  [32m                  [0;39m Root WebApplicationContext: initialization completed in 274 ms
2021-09-18 23:48:14.201 INFO  o.s.scheduling.concurrent.ThreadPoolTaskExecutor  :181  [32m                  [0;39m Initializing ExecutorService 'applicationTaskExecutor'
2021-09-18 23:48:14.262 INFO  o.s.b.d.autoconfigure.OptionalLiveReloadServer    :58   [32m                  [0;39m LiveReload server is running on port 35729
2021-09-18 23:48:14.269 INFO  org.apache.coyote.http11.Http11NioProtocol        :173  [32m                  [0;39m Starting ProtocolHandler ["http-nio-8080"]
2021-09-18 23:48:14.273 INFO  o.s.boot.web.embedded.tomcat.TomcatWebServer      :220  [32m                  [0;39m Tomcat started on port(s): 8080 (http) with context path ''
2021-09-18 23:48:14.278 INFO  com.lwx.wiki.config.WikiApplication               :61   [32m                  [0;39m Started WikiApplication in 0.501 seconds (JVM running for 2049.631)
2021-09-18 23:48:14.280 INFO  o.s.b.d.a.ConditionEvaluationDeltaLoggingListener :63   [32m                  [0;39m Condition evaluation unchanged
2021-09-18 23:48:14.281 INFO  com.lwx.wiki.config.WikiApplication               :19   [32m                  [0;39m 启动成功！！
2021-09-18 23:48:14.282 INFO  com.lwx.wiki.config.WikiApplication               :20   [32m                  [0;39m 地址:	http://127.0.0.1:8080
2021-09-18 23:53:22.715 INFO  o.a.c.core.ContainerBase.[Tomcat].[localhost].[/] :173  [32m                  [0;39m Initializing Spring DispatcherServlet 'dispatcherServlet'
2021-09-18 23:53:22.717 INFO  org.springframework.web.servlet.DispatcherServlet :525  [32m                  [0;39m Initializing Servlet 'dispatcherServlet'
2021-09-18 23:53:22.719 INFO  org.springframework.web.servlet.DispatcherServlet :547  [32m                  [0;39m Completed initialization in 1 ms
2021-09-18 23:53:22.722 INFO  com.zaxxer.hikari.HikariDataSource                :110  [32m                  [0;39m HikariPool-3 - Starting...
2021-09-18 23:53:22.730 INFO  com.zaxxer.hikari.HikariDataSource                :123  [32m                  [0;39m HikariPool-3 - Start completed.
2021-09-18 23:55:18.378 INFO  o.s.scheduling.concurrent.ThreadPoolTaskExecutor  :218  [32m                  [0;39m Shutting down ExecutorService 'applicationTaskExecutor'
2021-09-18 23:55:18.379 INFO  com.zaxxer.hikari.HikariDataSource                :350  [32m                  [0;39m HikariPool-3 - Shutdown initiated...
2021-09-18 23:55:18.385 INFO  com.zaxxer.hikari.HikariDataSource                :352  [32m                  [0;39m HikariPool-3 - Shutdown completed.
2021-09-18 23:55:18.538 INFO  com.lwx.wiki.config.WikiApplication               :55   [32m                  [0;39m Starting WikiApplication using Java 1.8.0_221 on LAPTOP-D42A8U4Q with PID 7080 (E:\GongSi\wiki\target\classes started by 22156 in E:\GongSi\wiki)
2021-09-18 23:55:18.538 INFO  com.lwx.wiki.config.WikiApplication               :660  [32m                  [0;39m No active profile set, falling back to default profiles: default
2021-09-18 23:55:18.879 INFO  o.s.boot.web.embedded.tomcat.TomcatWebServer      :108  [32m                  [0;39m Tomcat initialized with port(s): 8080 (http)
2021-09-18 23:55:18.881 INFO  org.apache.coyote.http11.Http11NioProtocol        :173  [32m                  [0;39m Initializing ProtocolHandler ["http-nio-8080"]
2021-09-18 23:55:18.882 INFO  org.apache.catalina.core.StandardService          :173  [32m                  [0;39m Starting service [Tomcat]
2021-09-18 23:55:18.882 INFO  org.apache.catalina.core.StandardEngine           :173  [32m                  [0;39m Starting Servlet engine: [Apache Tomcat/9.0.39]
2021-09-18 23:55:18.901 INFO  o.a.c.core.ContainerBase.[Tomcat].[localhost].[/] :173  [32m                  [0;39m Initializing Spring embedded WebApplicationContext
2021-09-18 23:55:18.901 INFO  o.s.b.w.s.c.ServletWebServerApplicationContext    :289  [32m                  [0;39m Root WebApplicationContext: initialization completed in 359 ms
2021-09-18 23:55:19.032 INFO  o.s.scheduling.concurrent.ThreadPoolTaskExecutor  :181  [32m                  [0;39m Initializing ExecutorService 'applicationTaskExecutor'
2021-09-18 23:55:19.088 INFO  o.s.b.d.autoconfigure.OptionalLiveReloadServer    :58   [32m                  [0;39m LiveReload server is running on port 35729
2021-09-18 23:55:19.097 INFO  org.apache.coyote.http11.Http11NioProtocol        :173  [32m                  [0;39m Starting ProtocolHandler ["http-nio-8080"]
2021-09-18 23:55:19.101 INFO  o.s.boot.web.embedded.tomcat.TomcatWebServer      :220  [32m                  [0;39m Tomcat started on port(s): 8080 (http) with context path ''
2021-09-18 23:55:19.106 INFO  com.lwx.wiki.config.WikiApplication               :61   [32m                  [0;39m Started WikiApplication in 0.602 seconds (JVM running for 2474.46)
2021-09-18 23:55:19.107 INFO  o.s.b.d.a.ConditionEvaluationDeltaLoggingListener :63   [32m                  [0;39m Condition evaluation unchanged
2021-09-18 23:55:19.108 INFO  com.lwx.wiki.config.WikiApplication               :19   [32m                  [0;39m 启动成功！！
2021-09-18 23:55:19.109 INFO  com.lwx.wiki.config.WikiApplication               :20   [32m                  [0;39m 地址:	http://127.0.0.1:8080
2021-09-18 23:55:19.130 INFO  o.a.c.core.ContainerBase.[Tomcat].[localhost].[/] :173  [32m                  [0;39m Initializing Spring DispatcherServlet 'dispatcherServlet'
2021-09-18 23:55:19.131 INFO  org.springframework.web.servlet.DispatcherServlet :525  [32m                  [0;39m Initializing Servlet 'dispatcherServlet'
2021-09-18 23:55:19.132 INFO  org.springframework.web.servlet.DispatcherServlet :547  [32m                  [0;39m Completed initialization in 1 ms
2021-09-18 23:55:19.189 INFO  com.zaxxer.hikari.HikariDataSource                :110  [32m                  [0;39m HikariPool-4 - Starting...
2021-09-18 23:55:19.196 INFO  com.zaxxer.hikari.HikariDataSource                :123  [32m                  [0;39m HikariPool-4 - Start completed.
2021-09-18 23:56:47.704 INFO  o.s.scheduling.concurrent.ThreadPoolTaskExecutor  :218  [32m                  [0;39m Shutting down ExecutorService 'applicationTaskExecutor'
2021-09-18 23:56:47.704 INFO  com.zaxxer.hikari.HikariDataSource                :350  [32m                  [0;39m HikariPool-4 - Shutdown initiated...
2021-09-18 23:56:47.713 INFO  com.zaxxer.hikari.HikariDataSource                :352  [32m                  [0;39m HikariPool-4 - Shutdown completed.
2021-09-18 23:56:47.849 INFO  com.lwx.wiki.config.WikiApplication               :55   [32m                  [0;39m Starting WikiApplication using Java 1.8.0_221 on LAPTOP-D42A8U4Q with PID 7080 (E:\GongSi\wiki\target\classes started by 22156 in E:\GongSi\wiki)
2021-09-18 23:56:47.849 INFO  com.lwx.wiki.config.WikiApplication               :660  [32m                  [0;39m No active profile set, falling back to default profiles: default
2021-09-18 23:56:48.149 INFO  o.s.boot.web.embedded.tomcat.TomcatWebServer      :108  [32m                  [0;39m Tomcat initialized with port(s): 8080 (http)
2021-09-18 23:56:48.155 INFO  org.apache.coyote.http11.Http11NioProtocol        :173  [32m                  [0;39m Initializing ProtocolHandler ["http-nio-8080"]
2021-09-18 23:56:48.155 INFO  org.apache.catalina.core.StandardService          :173  [32m                  [0;39m Starting service [Tomcat]
2021-09-18 23:56:48.155 INFO  org.apache.catalina.core.StandardEngine           :173  [32m                  [0;39m Starting Servlet engine: [Apache Tomcat/9.0.39]
2021-09-18 23:56:48.166 INFO  o.a.c.core.ContainerBase.[Tomcat].[localhost].[/] :173  [32m                  [0;39m Initializing Spring embedded WebApplicationContext
2021-09-18 23:56:48.167 INFO  o.s.b.w.s.c.ServletWebServerApplicationContext    :289  [32m                  [0;39m Root WebApplicationContext: initialization completed in 313 ms
2021-09-18 23:56:48.270 INFO  o.s.scheduling.concurrent.ThreadPoolTaskExecutor  :181  [32m                  [0;39m Initializing ExecutorService 'applicationTaskExecutor'
2021-09-18 23:56:48.324 INFO  o.s.b.d.autoconfigure.OptionalLiveReloadServer    :58   [32m                  [0;39m LiveReload server is running on port 35729
2021-09-18 23:56:48.335 INFO  org.apache.coyote.http11.Http11NioProtocol        :173  [32m                  [0;39m Starting ProtocolHandler ["http-nio-8080"]
2021-09-18 23:56:48.339 INFO  o.s.boot.web.embedded.tomcat.TomcatWebServer      :220  [32m                  [0;39m Tomcat started on port(s): 8080 (http) with context path ''
2021-09-18 23:56:48.343 INFO  com.lwx.wiki.config.WikiApplication               :61   [32m                  [0;39m Started WikiApplication in 0.535 seconds (JVM running for 2563.697)
2021-09-18 23:56:48.345 INFO  o.s.b.d.a.ConditionEvaluationDeltaLoggingListener :63   [32m                  [0;39m Condition evaluation unchanged
2021-09-18 23:56:48.346 INFO  com.lwx.wiki.config.WikiApplication               :19   [32m                  [0;39m 启动成功！！
2021-09-18 23:56:48.346 INFO  com.lwx.wiki.config.WikiApplication               :20   [32m                  [0;39m 地址:	http://127.0.0.1:8080
2021-09-18 23:58:53.231 INFO  o.s.scheduling.concurrent.ThreadPoolTaskExecutor  :218  [32m                  [0;39m Shutting down ExecutorService 'applicationTaskExecutor'
2021-09-18 23:58:53.409 INFO  com.lwx.wiki.config.WikiApplication               :55   [32m                  [0;39m Starting WikiApplication using Java 1.8.0_221 on LAPTOP-D42A8U4Q with PID 7080 (E:\GongSi\wiki\target\classes started by 22156 in E:\GongSi\wiki)
2021-09-18 23:58:53.409 INFO  com.lwx.wiki.config.WikiApplication               :660  [32m                  [0;39m No active profile set, falling back to default profiles: default
2021-09-18 23:58:53.618 INFO  o.s.boot.web.embedded.tomcat.TomcatWebServer      :108  [32m                  [0;39m Tomcat initialized with port(s): 8080 (http)
2021-09-18 23:58:53.619 INFO  org.apache.coyote.http11.Http11NioProtocol        :173  [32m                  [0;39m Initializing ProtocolHandler ["http-nio-8080"]
2021-09-18 23:58:53.620 INFO  org.apache.catalina.core.StandardService          :173  [32m                  [0;39m Starting service [Tomcat]
2021-09-18 23:58:53.620 INFO  org.apache.catalina.core.StandardEngine           :173  [32m                  [0;39m Starting Servlet engine: [Apache Tomcat/9.0.39]
2021-09-18 23:58:53.637 INFO  o.a.c.core.ContainerBase.[Tomcat].[localhost].[/] :173  [32m                  [0;39m Initializing Spring embedded WebApplicationContext
2021-09-18 23:58:53.637 INFO  o.s.b.w.s.c.ServletWebServerApplicationContext    :289  [32m                  [0;39m Root WebApplicationContext: initialization completed in 225 ms
2021-09-18 23:58:53.759 INFO  o.s.scheduling.concurrent.ThreadPoolTaskExecutor  :181  [32m                  [0;39m Initializing ExecutorService 'applicationTaskExecutor'
2021-09-18 23:58:53.815 INFO  o.s.b.d.autoconfigure.OptionalLiveReloadServer    :58   [32m                  [0;39m LiveReload server is running on port 35729
2021-09-18 23:58:53.826 INFO  org.apache.coyote.http11.Http11NioProtocol        :173  [32m                  [0;39m Starting ProtocolHandler ["http-nio-8080"]
2021-09-18 23:58:53.830 INFO  o.s.boot.web.embedded.tomcat.TomcatWebServer      :220  [32m                  [0;39m Tomcat started on port(s): 8080 (http) with context path ''
2021-09-18 23:58:53.833 INFO  com.lwx.wiki.config.WikiApplication               :61   [32m                  [0;39m Started WikiApplication in 0.461 seconds (JVM running for 2689.19)
2021-09-18 23:58:53.837 INFO  o.s.b.d.a.ConditionEvaluationDeltaLoggingListener :63   [32m                  [0;39m Condition evaluation unchanged
2021-09-18 23:58:53.838 INFO  com.lwx.wiki.config.WikiApplication               :19   [32m                  [0;39m 启动成功！！
2021-09-18 23:58:53.838 INFO  com.lwx.wiki.config.WikiApplication               :20   [32m                  [0;39m 地址:	http://127.0.0.1:8080
2021-09-18 23:58:55.673 INFO  o.s.scheduling.concurrent.ThreadPoolTaskExecutor  :218  [32m                  [0;39m Shutting down ExecutorService 'applicationTaskExecutor'
2021-09-18 23:58:55.795 INFO  com.lwx.wiki.config.WikiApplication               :55   [32m                  [0;39m Starting WikiApplication using Java 1.8.0_221 on LAPTOP-D42A8U4Q with PID 7080 (E:\GongSi\wiki\target\classes started by 22156 in E:\GongSi\wiki)
2021-09-18 23:58:55.795 INFO  com.lwx.wiki.config.WikiApplication               :660  [32m                  [0;39m No active profile set, falling back to default profiles: default
2021-09-18 23:58:56.034 INFO  o.s.boot.web.embedded.tomcat.TomcatWebServer      :108  [32m                  [0;39m Tomcat initialized with port(s): 8080 (http)
2021-09-18 23:58:56.036 INFO  org.apache.coyote.http11.Http11NioProtocol        :173  [32m                  [0;39m Initializing ProtocolHandler ["http-nio-8080"]
2021-09-18 23:58:56.037 INFO  org.apache.catalina.core.StandardService          :173  [32m                  [0;39m Starting service [Tomcat]
2021-09-18 23:58:56.037 INFO  org.apache.catalina.core.StandardEngine           :173  [32m                  [0;39m Starting Servlet engine: [Apache Tomcat/9.0.39]
2021-09-18 23:58:56.055 INFO  o.a.c.core.ContainerBase.[Tomcat].[localhost].[/] :173  [32m                  [0;39m Initializing Spring embedded WebApplicationContext
2021-09-18 23:58:56.055 INFO  o.s.b.w.s.c.ServletWebServerApplicationContext    :289  [32m                  [0;39m Root WebApplicationContext: initialization completed in 258 ms
2021-09-18 23:58:56.162 INFO  o.s.scheduling.concurrent.ThreadPoolTaskExecutor  :181  [32m                  [0;39m Initializing ExecutorService 'applicationTaskExecutor'
2021-09-18 23:58:56.217 INFO  o.s.b.d.autoconfigure.OptionalLiveReloadServer    :58   [32m                  [0;39m LiveReload server is running on port 35729
2021-09-18 23:58:56.224 INFO  org.apache.coyote.http11.Http11NioProtocol        :173  [32m                  [0;39m Starting ProtocolHandler ["http-nio-8080"]
2021-09-18 23:58:56.229 INFO  o.s.boot.web.embedded.tomcat.TomcatWebServer      :220  [32m                  [0;39m Tomcat started on port(s): 8080 (http) with context path ''
2021-09-18 23:58:56.235 INFO  com.lwx.wiki.config.WikiApplication               :61   [32m                  [0;39m Started WikiApplication in 0.471 seconds (JVM running for 2691.589)
2021-09-18 23:58:56.236 INFO  o.s.b.d.a.ConditionEvaluationDeltaLoggingListener :63   [32m                  [0;39m Condition evaluation unchanged
2021-09-18 23:58:56.237 INFO  com.lwx.wiki.config.WikiApplication               :19   [32m                  [0;39m 启动成功！！
2021-09-18 23:58:56.237 INFO  com.lwx.wiki.config.WikiApplication               :20   [32m                  [0;39m 地址:	http://127.0.0.1:8080
2021-09-18 23:58:56.336 INFO  o.a.c.core.ContainerBase.[Tomcat].[localhost].[/] :173  [32m                  [0;39m Initializing Spring DispatcherServlet 'dispatcherServlet'
2021-09-18 23:58:56.338 INFO  org.springframework.web.servlet.DispatcherServlet :525  [32m                  [0;39m Initializing Servlet 'dispatcherServlet'
2021-09-18 23:58:56.339 INFO  org.springframework.web.servlet.DispatcherServlet :547  [32m                  [0;39m Completed initialization in 1 ms
2021-09-18 23:58:56.460 INFO  com.zaxxer.hikari.HikariDataSource                :110  [32m                  [0;39m HikariPool-5 - Starting...
2021-09-18 23:58:56.467 INFO  com.zaxxer.hikari.HikariDataSource                :123  [32m                  [0;39m HikariPool-5 - Start completed.
